[ '--summarize', "$DATADIR/raw-logs/qtdeclarative-qmake-error-long-path.txt" ]
qmake failed to process
/home/qt/.pulse2-agent/data/recipes/139757302/base/qt/qtdeclarative/tests/auto/declarative/qpacketprotocol/qpacketprotocol.pro
:(

  Cannot find file: /home/qt/.pulse2-agent/data/recipes/139757302/base/qt/qtdeclarative/tests/auto/declarative/qpacketprotocol/qpacketprotocol.pro.
  make[4]: *** [qpacketprotocol/Makefile] Error 2
  make[3]: *** [sub-declarative-make_default] Error 2
  make[2]: *** [sub-auto-make_default] Error 2
  make[1]: *** [module-qtdeclarative-tests-make_default] Error 2
  make: *** [module-qtdeclarative] Error 2
