[ '--summarize', "$DATADIR/raw-logs/too-long-significant-line.txt" ]
seven autotests failed :(

  /build/recipes/16722220816722220816722220816722220816722220816722220816722220816722220816722220816722220816722220816722220816722220816722220816722220816722220816722220816722220816722220816722220816722220816722220816722220816722220816722220816722220816722220816722220816722220816722220816722220816722220816722220816722220816722220816722220816722220816722220816722220816722220816722220816722220816722220816722220816722220816722220816722220816722220816722220816722220816722220816722220816722220816722220816722220816722220816722220816722220816722220816722220816722220816722220816722220816722220816722220816722220816722220816722220816722220816722220816722220816722220816722220816722220816722220816722220816722220816722220816722220816722220816722220816722220816722220816722220816722220816722220816722220816722220816722220816722220816722220816722220816722220816722220816722220816722220816722220816722220816722220816722220816722220816722220816722220816722220816722220816722220816722220816722220816722220816722220816722220816722220816722220816722220816722220816722220816722220816722220816722220816722220816722220816722220816722220816722220816722220816722220816722220816722220816722220816722220816722220816722220816722220816722220816722220816722220816722220816722220816722220816722220816722220816722220816722220816722220816722220816722220816722220816722220816722220816722220816722220816722220816722220816722220816722220816722220816722220816722220816722220816722220816722220816722220816722220816722220816722220816722220816722220816722220816722220816722220816722220816722220816722220816722220816722220816722220816722220816722220816722220816722220816722220816722220816722220816722220816722220816722220816722220816722220816722220816722220816722220816722220816722220816722220816722220816722220816722220816722220816722220816722220816722220816722220816722220816722220816722220816722220816722220816722220816722220816722220816722220816722220816722220816722220816722220816722220816722220816722220816722220816722220816722220816722220816722220816722220816722220816722220816722220816722220816722220816722220816722220816722220816722220816722220816722220816722220816722220816722220816722220816722220816722220816722220816722220816722220816722220816722220816722220816722220816722220816722220816722220816722220816722220816722220816722220816722220816722220816722220816722220816722220816722220816722220816722220816722220816722220816722220816722220816722220816722220816722220816722220816722220816722220816722220816722220816722220816722220816722220816722220816722220816722220816722220816722220816722220816722220816722220816722220816722220816722220816722220816722220816722220816722220816722220816722220816722220816722220816722220816722220816722220816722220816722220816722220816722220816722220816722220816722220816722220816722220816722220816722220816722220816722220816722220816722220816722220816722220816722220816722220816722220816722220816722220816722220816722220816722220816722220816722220816722220816722220816722220816722220816722220816722220816722220816722220816722220816722220816722220816722220816722220816722220816722220816722220816722220816722220816722220816722220816722220816722220816722220816722220816722220816722220816722220816722220816722220816722220816722220816722220816722220816722220816722220816722220816722220816722220816722220816722220816722220816722220816722220816722220816722220816722220816722220816722220816722220816722220816722220816722220816722220816722220816722220816722220816722220816722220816722220 (truncated)
  ********* Start testing of TestJsonDbChangesSinceObject *********
  Config: Using QTest library 5.0.0, Qt 5.0.0
  QDEBUG : TestJsonDbChangesSinceObject::initTestCase() Starting process "/build/recipes/167222208/base/qt/qtbase/bin/jsondb" ("dbFile-jsondb-partition") with socket "testjsondb_27240"
  Ready
  "./" "dbFile-jsondb-partition.System" "Ephemeral"
  JsonDbManagedBtree::putOne auto commiting tag 0
  QFATAL : TestJsonDbChangesSinceObject::initTestCase() Received signal 11
  FAIL!  : TestJsonDbChangesSinceObject::initTestCase() Received a fatal error.
     Loc: [Unknown file(0)]
  Totals: 0 passed, 1 failed, 0 skipped
  ********* Finished testing of TestJsonDbChangesSinceObject *********
  QtQA::App::TestRunner: Timed out after 900 seconds
  QtQA::App::TestRunner: Process exited due to signal 6; dumped core
  QtQA::App::TestRunner: ============================== backtrace follows: ==============================
  QtQA::App::TestRunner: gdb commands: thread apply all bt 100
  QtQA::App::TestRunner:
  QtQA::App::TestRunner: warning: core file may not match specified executable file.
  QtQA::App::TestRunner: [New LWP 27240]
  QtQA::App::TestRunner: [New LWP 27241]
  QtQA::App::TestRunner: [New LWP 27243]
  QtQA::App::TestRunner:
  QtQA::App::TestRunner: warning: Can't read pathname for load map: Input/output error.
  QtQA::App::TestRunner: [Thread debugging using libthread_db enabled]
  QtQA::App::TestRunner: Core was generated by `./tst_jsondbchangessinceobject -o /build/recipes/167222208/base/_artifacts/test'.
  QtQA::App::TestRunner: Program terminated with signal 6, Aborted.
  QtQA::App::TestRunner: #0  0x00002b2b876e23a5 in __GI_raise (sig=6) at ../nptl/sysdeps/unix/sysv/linux/raise.c:64
  QtQA::App::TestRunner: 64	../nptl/sysdeps/unix/sysv/linux/raise.c: No such file or directory.
  QtQA::App::TestRunner: 	in ../nptl/sysdeps/unix/sysv/linux/raise.c
  QtQA::App::TestRunner:
  QtQA::App::TestRunner: Thread 3 (Thread 0x2b2b8d480700 (LWP 27243)):
  QtQA::App::TestRunner: #0  0x00002b2b87781773 in __GI___poll (fds=<optimized out>, nfds=<optimized out>, timeout=<optimized out>) at ../sysdeps/unix/sysv/linux/poll.c:87
  QtQA::App::TestRunner: #1  0x00002b2b89732f68 in ?? () from /lib/x86_64-linux-gnu/libglib-2.0.so.0
  QtQA::App::TestRunner: #2  0x00002b2b89733429 in g_main_context_iteration () from /lib/x86_64-linux-gnu/libglib-2.0.so.0
  QtQA::App::TestRunner: #3  0x00002b2b86d018dc in TestNamespace::QEventDispatcherGlib::processEvents (this=0x1ad79a0, flags=...) at kernel/qeventdispatcher_glib.cpp:424
  QtQA::App::TestRunner: #4  0x00002b2b86c972ef in TestNamespace::QEventLoop::processEvents (this=0x2b2b8d47fd90, flags=...) at kernel/qeventloop.cpp:135
  QtQA::App::TestRunner: #5  0x00002b2b86c975cf in TestNamespace::QEventLoop::exec (this=0x2b2b8d47fd90, flags=...) at kernel/qeventloop.cpp:211
  QtQA::App::TestRunner: #6  0x00002b2b86b2e0e9 in TestNamespace::QThread::exec (this=0x1ae8ad0) at thread/qthread.cpp:470
  QtQA::App::TestRunner: #7  0x00002b2b85ec30b1 in TestNamespace::QDeclarativeThreadPrivate::run (this=0x1ae8ad0) at qml/ftw/qdeclarativethread.cpp:148
  QtQA::App::TestRunner: #8  0x00002b2b86b33e36 in TestNamespace::QThreadPrivate::start (arg=0x1ae8ad0) at thread/qthread_unix.cpp:307
  QtQA::App::TestRunner: #9  0x00002b2b88cadefc in start_thread (arg=0x2b2b8d480700) at pthread_create.c:304
  QtQA::App::TestRunner: #10 0x00002b2b8778d89d in clone () at ../sysdeps/unix/sysv/linux/x86_64/clone.S:112
  QtQA::App::TestRunner: #11 0x0000000000000000 in ?? ()
  QtQA::App::TestRunner:
  QtQA::App::TestRunner: Thread 2 (Thread 0x2b2b8d27f700 (LWP 27241)):
  QtQA::App::TestRunner: #0  0x00002b2b87786913 in select () at ../sysdeps/unix/syscall-template.S:82
  QtQA::App::TestRunner: #1  0x00002b2b86c3bc0e in TestNamespace::QProcessManager::run (this=0x2b2b87179660) at io/qprocess_unix.cpp:257
  QtQA::App::TestRunner: #2  0x00002b2b86b33e36 in TestNamespace::QThreadPrivate::start (arg=0x2b2b87179660) at thread/qthread_unix.cpp:307
  QtQA::App::TestRunner: #3  0x00002b2b88cadefc in start_thread (arg=0x2b2b8d27f700) at pthread_create.c:304
  QtQA::App::TestRunner: #4  0x00002b2b8778d89d in clone () at ../sysdeps/unix/sysv/linux/x86_64/clone.S:112
  QtQA::App::TestRunner: #5  0x0000000000000000 in ?? ()
  QtQA::App::TestRunner:
  QtQA::App::TestRunner: Thread 1 (Thread 0x2b2b8b658600 (LWP 27240)):
  QtQA::App::TestRunner: #0  0x00002b2b876e23a5 in __GI_raise (sig=6) at ../nptl/sysdeps/unix/sysv/linux/raise.c:64
  QtQA::App::TestRunner: #1  0x00002b2b876e5b0b in __GI_abort () at abort.c:92
  QtQA::App::TestRunner: #2  0x00002b2b86b299b3 in TestNamespace::qt_message_output (msgType=TestNamespace::QtFatalMsg, context=..., buf=0x1aeb9a8 "Received signal 11") at global/qlogging.cpp:734
  QtQA::App::TestRunner: #3  0x00002b2b86b27ae0 in TestNamespace::qt_message(TestNamespace::QtMsgType, const TestNamespace::QMessageLogContext &, const char *, typedef __va_list_tag __va_list_tag *) (msgType=TestNamespace::QtFatalMsg, context=longtogettruncatelinelongtogettruncatelinelongtogettruncatelinelongtogettruncatelinelongtogettruncatelinelongtogettruncatelinelongtogettruncatelinelongtogettruncatelinelongtogettruncatelinelongtogettruncatelinelongtogettruncatelinelongtogettruncatelinelongtogettruncatelinelongtogettruncatelinelongtogettruncatelinelongtogettruncatelinelongtogettruncatelinelongtogettruncatelinelongtogettruncatelinelongtogettruncatelinelongtogettruncatelinelongtogettruncatelinelongtogettruncatelinelongtogettruncatelinelongtogettruncatelinelongtogettruncatelinelongtogettruncatelinelongtogettruncatelinelongtogettruncatelinelongtogettruncatelinelongtogettruncatelinelongtogettruncatelinelongtogettruncatelinelongtogettruncatelinelongtogettruncatelinelongtogettruncatelinelongtogettruncatelinelongtogettruncatelinelongtogettruncatelinelongtogettruncatelinelongtogettruncatelinelongtogettruncatelinelongtogettruncatelinelongtogettruncatelinelongtogettruncatelinelongtogettruncatelinelongtogettruncatelinelongtogettruncatelinelongtogettruncatelinelongtogettruncatelinelongtogettruncatelinelongtogettruncatelinelongtogettruncatelinelongtogettruncatelinelongtogettruncatelinelongtogettruncatelinelongtogettruncatelinelongtogettruncatelinelongtogettruncatelinelongtogettruncatelinelongtogettruncatelinelongtogettruncatelinelongtogettruncatelinelongtogettruncatelinelongtogettruncatelinelongtogettruncatelinelongtogettruncatelinelongtogettruncatelinelongtogettruncatelinelongtogettruncatelinelongtogettruncatelinelongtogettruncatelinelongtogettruncatelinelongtogettruncatelinelongtogettruncatelinelongtogettruncatelinelongtogettruncatelinelongtogettruncatelinelongtogettruncatelinelongtogettruncatelinelongtogettruncatelinelongtogettruncatelinelongtogettruncatelinelongtogettruncatelinelongtogettruncatelinelongtogettruncatelinelongtogettruncatelinelongtogettruncatelinelongtogettruncatelinelongtogettruncatelinelongtogettruncatelinelongtogettruncatelinelongtogettruncatelinelongtogettruncatelinelongtogettruncatelinelongtogettruncatelinelongtogettruncatelinelongtogettruncatelinelongtogettruncatelinelongtogettruncatelinelongtogettruncatelinelongtogettruncatelinelongtogettruncatelinelongtogettruncatelinelongtogettruncatelinelongtogettruncatelinelongtogettruncatelinelongtogettruncatelinelongtogettruncatelinelongtogettruncatelinelongtogettruncatelinelongtogettruncatelinelongtogettruncatelinelongtogettruncatelinelongtogettruncatelinelongtogettruncatelinelongtogettruncatelinelongtogettruncatelinelongtogettruncatelinelongtogettruncatelinelongtogettruncatelinelongtogettruncatelinelongtogettruncatelinelongtogettruncatelinelongtogettruncatelinelongtogettruncatelinelongtogettruncatelinelongtogettruncatelinelongtogettruncatelinelongtogettruncatelinelongtogettruncatelinelongtogettruncatelinelongtogettruncatelinelongtogettruncatelinelongtogettruncatelinelongtogettruncatelinelongtogettruncatelinelongtogettruncatelinelongtogettruncatelinelongtogettruncatelinelongtogettruncatelinelongtogettruncatelinelongtogettruncatelinelongtogettruncatelinelongtogettruncatelinelongtogettruncatelinelongtogettruncatelinelongtogettruncatelinelongtogettruncatelinelongtogettruncatelinelongtogettruncatelinelongtogettruncatelinelongtogettruncatelinelongtogettruncateline, msg=0x2b2b8 (truncated)
  QtQA::App::TestRunner: #4  0x00002b2b86b27f74 in TestNamespace::QMessageLogger::fatal (this=0x7fff43108a10, msg=0x2b2b86291000 "Received signal %d") at global/qlogging.cpp:334
  QtQA::App::TestRunner: #5  0x00002b2b8627c6e1 in TestNamespace::QTest::FatalSignalHandler::signal (signum=11) at qtestcase.cpp:1831
  QtQA::App::TestRunner: #6  <signal handler called>
  QtQA::App::TestRunner: #7  0x00002b2b883eeb62 in TestNamespace::initFontUnlocked () at kernel/qguiapplication.cpp:174
  QtQA::App::TestRunner: #8  0x00002b2b883f49c1 in TestNamespace::QGuiApplication::font () at kernel/qguiapplication.cpp:1648
  QtQA::App::TestRunner: #9  0x00002b2b8847c969 in TestNamespace::QFont::QFont (this=0x1aeb330) at text/qfont.cpp:685
  QtQA::App::TestRunner: #10 0x00002b2b85e5e87c in TestNamespace::QDeclarativeFontValueType::QDeclarativeFontValueType (this=0x1aeb320, parent=0x0) at qml/qdeclarativevaluetype.cpp:221
  QtQA::App::TestRunner: #11 0x00002b2b85e5cde0 in TestNamespace::QDeclarativeValueTypeFactory::valueType (t=64) at qml/qdeclarativevaluetype.cpp:159
  QtQA::App::TestRunner: #12 0x00002b2b85e5cabf in TestNamespace::QDeclarativeValueTypeFactory::QDeclarativeValueTypeFactory (this=0x1ae9600) at qml/qdeclarativevaluetype.cpp:84
  QtQA::App::TestRunner: #13 0x00002b2b85dc2987 in TestNamespace::QDeclarativeEnginePrivate::QDeclarativeEnginePrivate (this=0x1ae9430, e=0x1ad76a0) at qml/qdeclarativeengine.cpp:352
  QtQA::App::TestRunner: #14 0x00002b2b85dc38b3 in TestNamespace::QDeclarativeEngine::QDeclarativeEngine (this=0x1ad76a0, parent=0x0) at qml/qdeclarativeengine.cpp:510
  QtQA::App::TestRunner: #15 0x0000000000417e1f in findQMLPluginPath (pluginName=...) at ../../shared/qmltestutil.h:169
  QtQA::App::TestRunner: #16 0x000000000040f764 in TestJsonDbChangesSinceObject::initTestCase (this=0x7fff43109b00) at testjsondbchangessinceobject.cpp:115
  QtQA::App::TestRunner: #17 0x000000000041cb49 in TestJsonDbChangesSinceObject::qt_static_metacall (_o=0x7fff43109b00, _c=TestNamespace::QMetaObject::InvokeMetaMethod, _id=0, _a=0x7fff431095e0) at .moc/debug-shared/moc_testjsondbchangessinceobject.cpp:62
  QtQA::App::TestRunner: #18 0x00002b2b86ca4b66 in TestNamespace::QMetaMethod::invoke (this=0x7fff431098e0, object=0x7fff43109b00, connectionType=TestNamespace::Qt::DirectConnection, returnValue=..., val0=..., val1=..., val2=..., val3=..., val4=..., val5=..., val6=..., val7=..., val8=..., val9=...) at kernel/qmetaobject.cpp:1642
  QtQA::App::TestRunner: #19 0x00002b2b8627f53a in TestNamespace::QMetaMethod::invoke (this=0x7fff431098e0, object=0x7fff43109b00, connectionType=TestNamespace::Qt::DirectConnection, val0=..., val1=..., val2=..., val3=..., val4=..., val5=..., val6=..., val7=..., val8=..., val9=...) at ../../include/QtCore/../../src/corelib/kernel/qmetaobject.h:119
  QtQA::App::TestRunner: #20 0x00002b2b862792f7 in TestNamespace::QTest::invokeMethod (obj=0x7fff43109b00, methodName=0x2b2b8628fcec "initTestCase()") at qtestcase.cpp:1022
  QtQA::App::TestRunner: #21 0x00002b2b8627c3dc in TestNamespace::QTest::qInvokeTestMethods (testObject=0x7fff43109b00) at qtestcase.cpp:1770
  QtQA::App::TestRunner: #22 0x00002b2b8627cad5 in TestNamespace::QTest::qExec (testObject=0x7fff43109b00, argc=5, argv=0x7fff43109cf8) at qtestcase.cpp:2015
  QtQA::App::TestRunner: #23 0x0000000000416638 in main (argc=5, argv=0x7fff43109cf8) at testjsondbchangessinceobject.cpp:331
  QtQA::App::TestRunner:
  QtQA::App::TestRunner: ================================================================================

  ********* Start testing of TestJsonDbQueryObject *********
  Config: Using QTest library 5.0.0, Qt 5.0.0
  QDEBUG : TestJsonDbQueryObject::initTestCase() Starting process "/build/recipes/167222208/base/qt/qtbase/bin/jsondb" ("dbFile-jsondb-partition") with socket "testjsondb_24261"
  Ready
  "./" "dbFile-jsondb-partition.System" "Ephemeral"
  JsonDbManagedBtree::putOne auto commiting tag 0
  QFATAL : TestJsonDbQueryObject::initTestCase() Received signal 11
  FAIL!  : TestJsonDbQueryObject::initTestCase() Received a fatal error.
     Loc: [Unknown file(0)]
  Totals: 0 passed, 1 failed, 0 skipped
  ********* Finished testing of TestJsonDbQueryObject *********
  QtQA::App::TestRunner: Timed out after 900 seconds
  QtQA::App::TestRunner: Process exited due to signal 6; dumped core
  QtQA::App::TestRunner: ============================== backtrace follows: ==============================
  QtQA::App::TestRunner: gdb commands: thread apply all bt 100
  QtQA::App::TestRunner:
  QtQA::App::TestRunner: warning: core file may not match specified executable file.
  QtQA::App::TestRunner: [New LWP 24261]
  QtQA::App::TestRunner: [New LWP 24262]
  QtQA::App::TestRunner: [New LWP 24264]
  QtQA::App::TestRunner:
  QtQA::App::TestRunner: warning: Can't read pathname for load map: Input/output error.
  QtQA::App::TestRunner: [Thread debugging using libthread_db enabled]
  QtQA::App::TestRunner: Core was generated by `./tst_jsondbqueryobject -o /build/recipes/167222208/base/_artifacts/test-logs/t'.
  QtQA::App::TestRunner: Program terminated with signal 6, Aborted.
  QtQA::App::TestRunner: #0  0x00002b9bdcebd3a5 in __GI_raise (sig=6) at ../nptl/sysdeps/unix/sysv/linux/raise.c:64
  QtQA::App::TestRunner: 64	../nptl/sysdeps/unix/sysv/linux/raise.c: No such file or directory.
  QtQA::App::TestRunner: 	in ../nptl/sysdeps/unix/sysv/linux/raise.c
  QtQA::App::TestRunner:
  QtQA::App::TestRunner: Thread 3 (Thread 0x2b9be2c5b700 (LWP 24264)):
  QtQA::App::TestRunner: #0  0x00002b9bdcf5c773 in __GI___poll (fds=<optimized out>, nfds=<optimized out>, timeout=<optimized out>) at ../sysdeps/unix/sysv/linux/poll.c:87
  QtQA::App::TestRunner: #1  0x00002b9bdef0df68 in ?? () from /lib/x86_64-linux-gnu/libglib-2.0.so.0
  QtQA::App::TestRunner: #2  0x00002b9bdef0e429 in g_main_context_iteration () from /lib/x86_64-linux-gnu/libglib-2.0.so.0
  QtQA::App::TestRunner: #3  0x00002b9bdc4dc8dc in TestNamespace::QEventDispatcherGlib::processEvents (this=0x1649ec0, flags=...) at kernel/qeventdispatcher_glib.cpp:424
  QtQA::App::TestRunner: #4  0x00002b9bdc4722ef in TestNamespace::QEventLoop::processEvents (this=0x2b9be2c5ad90, flags=...) at kernel/qeventloop.cpp:135
  QtQA::App::TestRunner: #5  0x00002b9bdc4725cf in TestNamespace::QEventLoop::exec (this=0x2b9be2c5ad90, flags=...) at kernel/qeventloop.cpp:211
  QtQA::App::TestRunner: #6  0x00002b9bdc3090e9 in TestNamespace::QThread::exec (this=0x1656d10) at thread/qthread.cpp:470
  QtQA::App::TestRunner: #7  0x00002b9bdb69e0b1 in TestNamespace::QDeclarativeThreadPrivate::run (this=0x1656d10) at qml/ftw/qdeclarativethread.cpp:148
  QtQA::App::TestRunner: #8  0x00002b9bdc30ee36 in TestNamespace::QThreadPrivate::start (arg=0x1656d10) at thread/qthread_unix.cpp:307
  QtQA::App::TestRunner: #9  0x00002b9bde488efc in start_thread (arg=0x2b9be2c5b700) at pthread_create.c:304
  QtQA::App::TestRunner: #10 0x00002b9bdcf6889d in clone () at ../sysdeps/unix/sysv/linux/x86_64/clone.S:112
  QtQA::App::TestRunner: #11 0x0000000000000000 in ?? ()
  QtQA::App::TestRunner:
  QtQA::App::TestRunner: Thread 2 (Thread 0x2b9be2a5a700 (LWP 24262)):
  QtQA::App::TestRunner: #0  0x00002b9bdcf61913 in select () at ../sysdeps/unix/syscall-template.S:82
  QtQA::App::TestRunner: #1  0x00002b9bdc416c0e in TestNamespace::QProcessManager::run (this=0x2b9bdc954660) at io/qprocess_unix.cpp:257
  QtQA::App::TestRunner: #2  0x00002b9bdc30ee36 in TestNamespace::QThreadPrivate::start (arg=0x2b9bdc954660) at thread/qthread_unix.cpp:307
  QtQA::App::TestRunner: #3  0x00002b9bde488efc in start_thread (arg=0x2b9be2a5a700) at pthread_create.c:304
  QtQA::App::TestRunner: #4  0x00002b9bdcf6889d in clone () at ../sysdeps/unix/sysv/linux/x86_64/clone.S:112
  QtQA::App::TestRunner: #5  0x0000000000000000 in ?? ()
  QtQA::App::TestRunner:
  QtQA::App::TestRunner: Thread 1 (Thread 0x2b9be0e33600 (LWP 24261)):
  QtQA::App::TestRunner: #0  0x00002b9bdcebd3a5 in __GI_raise (sig=6) at ../nptl/sysdeps/unix/sysv/linux/raise.c:64
  QtQA::App::TestRunner: #1  0x00002b9bdcec0b0b in __GI_abort () at abort.c:92
  QtQA::App::TestRunner: #2  0x00002b9bdc3049b3 in TestNamespace::qt_message_output (msgType=TestNamespace::QtFatalMsg, context=..., buf=0x165aa58 "Received signal 11") at global/qlogging.cpp:734
  QtQA::App::TestRunner: #3  0x00002b9bdc302ae0 in TestNamespace::qt_message(TestNamespace::QtMsgType, const TestNamespace::QMessageLogContext &, const char *, typedef __va_list_tag __va_list_tag *) (msgType=TestNamespace::QtFatalMsg, context=..., msg=0x2b9bdba6c000 "Received signal %d", ap=0x7ffff1e15228) at global/qlogging.cpp:131
  QtQA::App::TestRunner: #4  0x00002b9bdc302f74 in TestNamespace::QMessageLogger::fatal (this=0x7ffff1e15310, msg=0x2b9bdba6c000 "Received signal %d") at global/qlogging.cpp:334
  QtQA::App::TestRunner: #5  0x00002b9bdba576e1 in TestNamespace::QTest::FatalSignalHandler::signal (signum=11) at qtestcase.cpp:1831
  QtQA::App::TestRunner: #6  <signal handler called>
  QtQA::App::TestRunner: #7  0x00002b9bddbc9b62 in TestNamespace::initFontUnlocked () at kernel/qguiapplication.cpp:174
  QtQA::App::TestRunner: #8  0x00002b9bddbcf9c1 in TestNamespace::QGuiApplication::font () at kernel/qguiapplication.cpp:1648
  QtQA::App::TestRunner: #9  0x00002b9bddc57969 in TestNamespace::QFont::QFont (this=0x165a900) at text/qfont.cpp:685
  QtQA::App::TestRunner: #10 0x00002b9bdb63987c in TestNamespace::QDeclarativeFontValueType::QDeclarativeFontValueType (this=0x165a8f0, parent=0x0) at qml/qdeclarativevaluetype.cpp:221
  QtQA::App::TestRunner: #11 0x00002b9bdb637de0 in TestNamespace::QDeclarativeValueTypeFactory::valueType (t=64) at qml/qdeclarativevaluetype.cpp:159
  QtQA::App::TestRunner: #12 0x00002b9bdb637abf in TestNamespace::QDeclarativeValueTypeFactory::QDeclarativeValueTypeFactory (this=0x1658810) at qml/qdeclarativevaluetype.cpp:84
  QtQA::App::TestRunner: #13 0x00002b9bdb59d987 in TestNamespace::QDeclarativeEnginePrivate::QDeclarativeEnginePrivate (this=0x1658640, e=0x164ab60) at qml/qdeclarativeengine.cpp:352
  QtQA::App::TestRunner: #14 0x00002b9bdb59e8b3 in TestNamespace::QDeclarativeEngine::QDeclarativeEngine (this=0x164ab60, parent=0x0) at qml/qdeclarativeengine.cpp:510
  QtQA::App::TestRunner: #15 0x00000000004166f7 in findQMLPluginPath (pluginName=...) at ../../shared/qmltestutil.h:169
  QtQA::App::TestRunner: #16 0x000000000040f784 in TestJsonDbQueryObject::initTestCase (this=0x7ffff1e16410) at testjsondbqueryobject.cpp:117
  QtQA::App::TestRunner: #17 0x000000000041b421 in TestJsonDbQueryObject::qt_static_metacall (_o=0x7ffff1e16410, _c=TestNamespace::QMetaObject::InvokeMetaMethod, _id=0, _a=0x7ffff1e15ef0) at .moc/debug-shared/moc_testjsondbqueryobject.cpp:64
  QtQA::App::TestRunner: #18 0x00002b9bdc47fb66 in TestNamespace::QMetaMethod::invoke (this=0x7ffff1e161f0, object=0x7ffff1e16410, connectionType=TestNamespace::Qt::DirectConnection, returnValue=..., val0=..., val1=..., val2=..., val3=..., val4=..., val5=..., val6=..., val7=..., val8=..., val9=...) at kernel/qmetaobject.cpp:1642
  QtQA::App::TestRunner: #19 0x00002b9bdba5a53a in TestNamespace::QMetaMethod::invoke (this=0x7ffff1e161f0, object=0x7ffff1e16410, connectionType=TestNamespace::Qt::DirectConnection, val0=..., val1=..., val2=..., val3=..., val4=..., val5=..., val6=..., val7=..., val8=..., val9=...) at ../../include/QtCore/../../src/corelib/kernel/qmetaobject.h:119
  QtQA::App::TestRunner: #20 0x00002b9bdba542f7 in TestNamespace::QTest::invokeMethod (obj=0x7ffff1e16410, methodName=0x2b9bdba6acec "initTestCase()") at qtestcase.cpp:1022
  QtQA::App::TestRunner: #21 0x00002b9bdba573dc in TestNamespace::QTest::qInvokeTestMethods (testObject=0x7ffff1e16410) at qtestcase.cpp:1770
  QtQA::App::TestRunner: #22 0x00002b9bdba57ad5 in TestNamespace::QTest::qExec (testObject=0x7ffff1e16410, argc=5, argv=0x7ffff1e16608) at qtestcase.cpp:2015
  QtQA::App::TestRunner: #23 0x0000000000414ee8 in main (argc=5, argv=0x7ffff1e16608) at testjsondbqueryobject.cpp:403
  QtQA::App::TestRunner:
  QtQA::App::TestRunner: ================================================================================

  ********* Start testing of TestJsonDbNotification *********
  Config: Using QTest library 5.0.0, Qt 5.0.0
  QDEBUG : TestJsonDbNotification::initTestCase() Starting process "/build/recipes/167222208/base/qt/qtbase/bin/jsondb" ("dbFile-jsondb-partition") with socket "testjsondb_22022"
  Ready
  "./" "dbFile-jsondb-partition.System" "Ephemeral"
  JsonDbManagedBtree::putOne auto commiting tag 0
  QFATAL : TestJsonDbNotification::initTestCase() Received signal 11
  FAIL!  : TestJsonDbNotification::initTestCase() Received a fatal error.
     Loc: [Unknown file(0)]
  Totals: 0 passed, 1 failed, 0 skipped
  ********* Finished testing of TestJsonDbNotification *********
  QtQA::App::TestRunner: Timed out after 900 seconds
  QtQA::App::TestRunner: Process exited due to signal 6; dumped core
  QtQA::App::TestRunner: ============================== backtrace follows: ==============================
  QtQA::App::TestRunner: gdb commands: thread apply all bt 100
  QtQA::App::TestRunner:
  QtQA::App::TestRunner: warning: core file may not match specified executable file.
  QtQA::App::TestRunner: [New LWP 22022]
  QtQA::App::TestRunner: [New LWP 22023]
  QtQA::App::TestRunner: [New LWP 22025]
  QtQA::App::TestRunner:
  QtQA::App::TestRunner: warning: Can't read pathname for load map: Input/output error.
  QtQA::App::TestRunner: [Thread debugging using libthread_db enabled]
  QtQA::App::TestRunner: Core was generated by `./tst_jsondbnotification -o /build/recipes/167222208/base/_artifacts/test-logs/'.
  QtQA::App::TestRunner: Program terminated with signal 6, Aborted.
  QtQA::App::TestRunner: #0  0x00002b024a8db3a5 in __GI_raise (sig=6) at ../nptl/sysdeps/unix/sysv/linux/raise.c:64
  QtQA::App::TestRunner: 64	../nptl/sysdeps/unix/sysv/linux/raise.c: No such file or directory.
  QtQA::App::TestRunner: 	in ../nptl/sysdeps/unix/sysv/linux/raise.c
  QtQA::App::TestRunner:
  QtQA::App::TestRunner: Thread 3 (Thread 0x2b0250679700 (LWP 22025)):
  QtQA::App::TestRunner: #0  0x00002b024a97a773 in __GI___poll (fds=<optimized out>, nfds=<optimized out>, timeout=<optimized out>) at ../sysdeps/unix/sysv/linux/poll.c:87
  QtQA::App::TestRunner: #1  0x00002b024c92bf68 in ?? () from /lib/x86_64-linux-gnu/libglib-2.0.so.0
  QtQA::App::TestRunner: #2  0x00002b024c92c429 in g_main_context_iteration () from /lib/x86_64-linux-gnu/libglib-2.0.so.0
  QtQA::App::TestRunner: #3  0x00002b0249efa8dc in TestNamespace::QEventDispatcherGlib::processEvents (this=0x1618af0, flags=...) at kernel/qeventdispatcher_glib.cpp:424
  QtQA::App::TestRunner: #4  0x00002b0249e902ef in TestNamespace::QEventLoop::processEvents (this=0x2b0250678d90, flags=...) at kernel/qeventloop.cpp:135
  QtQA::App::TestRunner: #5  0x00002b0249e905cf in TestNamespace::QEventLoop::exec (this=0x2b0250678d90, flags=...) at kernel/qeventloop.cpp:211
  QtQA::App::TestRunner: #6  0x00002b0249d270e9 in TestNamespace::QThread::exec (this=0x1629210) at thread/qthread.cpp:470
  QtQA::App::TestRunner: #7  0x00002b02490bc0b1 in TestNamespace::QDeclarativeThreadPrivate::run (this=0x1629210) at qml/ftw/qdeclarativethread.cpp:148
  QtQA::App::TestRunner: #8  0x00002b0249d2ce36 in TestNamespace::QThreadPrivate::start (arg=0x1629210) at thread/qthread_unix.cpp:307
  QtQA::App::TestRunner: #9  0x00002b024bea6efc in start_thread (arg=0x2b0250679700) at pthread_create.c:304
  QtQA::App::TestRunner: #10 0x00002b024a98689d in clone () at ../sysdeps/unix/sysv/linux/x86_64/clone.S:112
  QtQA::App::TestRunner: #11 0x0000000000000000 in ?? ()
  QtQA::App::TestRunner:
  QtQA::App::TestRunner: Thread 2 (Thread 0x2b0250478700 (LWP 22023)):
  QtQA::App::TestRunner: #0  0x00002b024a97f913 in select () at ../sysdeps/unix/syscall-template.S:82
  QtQA::App::TestRunner: #1  0x00002b0249e34c0e in TestNamespace::QProcessManager::run (this=0x2b024a372660) at io/qprocess_unix.cpp:257
  QtQA::App::TestRunner: #2  0x00002b0249d2ce36 in TestNamespace::QThreadPrivate::start (arg=0x2b024a372660) at thread/qthread_unix.cpp:307
  QtQA::App::TestRunner: #3  0x00002b024bea6efc in start_thread (arg=0x2b0250478700) at pthread_create.c:304
  QtQA::App::TestRunner: #4  0x00002b024a98689d in clone () at ../sysdeps/unix/sysv/linux/x86_64/clone.S:112
  QtQA::App::TestRunner: #5  0x0000000000000000 in ?? ()
  QtQA::App::TestRunner:
  QtQA::App::TestRunner: Thread 1 (Thread 0x2b024e851600 (LWP 22022)):
  QtQA::App::TestRunner: #0  0x00002b024a8db3a5 in __GI_raise (sig=6) at ../nptl/sysdeps/unix/sysv/linux/raise.c:64
  QtQA::App::TestRunner: #1  0x00002b024a8deb0b in __GI_abort () at abort.c:92
  QtQA::App::TestRunner: #2  0x00002b0249d229b3 in TestNamespace::qt_message_output (msgType=TestNamespace::QtFatalMsg, context=..., buf=0x162cfb8 "Received signal 11") at global/qlogging.cpp:734
  QtQA::App::TestRunner: #3  0x00002b0249d20ae0 in TestNamespace::qt_message(TestNamespace::QtMsgType, const TestNamespace::QMessageLogContext &, const char *, typedef __va_list_tag __va_list_tag *) (msgType=TestNamespace::QtFatalMsg, context=..., msg=0x2b024948a000 "Received signal %d", ap=0x7fffc70e6128) at global/qlogging.cpp:131
  QtQA::App::TestRunner: #4  0x00002b0249d20f74 in TestNamespace::QMessageLogger::fatal (this=0x7fffc70e6210, msg=0x2b024948a000 "Received signal %d") at global/qlogging.cpp:334
  QtQA::App::TestRunner: #5  0x00002b02494756e1 in TestNamespace::QTest::FatalSignalHandler::signal (signum=11) at qtestcase.cpp:1831
  QtQA::App::TestRunner: #6  <signal handler called>
  QtQA::App::TestRunner: #7  0x00002b024b5e7b62 in TestNamespace::initFontUnlocked () at kernel/qguiapplication.cpp:174
  QtQA::App::TestRunner: #8  0x00002b024b5ed9c1 in TestNamespace::QGuiApplication::font () at kernel/qguiapplication.cpp:1648
  QtQA::App::TestRunner: #9  0x00002b024b675969 in TestNamespace::QFont::QFont (this=0x162ce90) at text/qfont.cpp:685
  QtQA::App::TestRunner: #10 0x00002b024905787c in TestNamespace::QDeclarativeFontValueType::QDeclarativeFontValueType (this=0x162ce80, parent=0x0) at qml/qdeclarativevaluetype.cpp:221
  QtQA::App::TestRunner: #11 0x00002b0249055de0 in TestNamespace::QDeclarativeValueTypeFactory::valueType (t=64) at qml/qdeclarativevaluetype.cpp:159
  QtQA::App::TestRunner: #12 0x00002b0249055abf in TestNamespace::QDeclarativeValueTypeFactory::QDeclarativeValueTypeFactory (this=0x162ad00) at qml/qdeclarativevaluetype.cpp:84
  QtQA::App::TestRunner: #13 0x00002b0248fbb987 in TestNamespace::QDeclarativeEnginePrivate::QDeclarativeEnginePrivate (this=0x162ab30, e=0x1619a60) at qml/qdeclarativeengine.cpp:352
  QtQA::App::TestRunner: #14 0x00002b0248fbc8b3 in TestNamespace::QDeclarativeEngine::QDeclarativeEngine (this=0x1619a60, parent=0x0) at qml/qdeclarativeengine.cpp:510
  QtQA::App::TestRunner: #15 0x0000000000415f25 in findQMLPluginPath (pluginName=...) at ../../shared/qmltestutil.h:169
  QtQA::App::TestRunner: #16 0x000000000040f8b4 in TestJsonDbNotification::initTestCase (this=0x7fffc70e7330) at testjsondbnotification.cpp:121
  QtQA::App::TestRunner: #17 0x000000000041aec4 in TestJsonDbNotification::qt_static_metacall (_o=0x7fffc70e7330, _c=TestNamespace::QMetaObject::InvokeMetaMethod, _id=0, _a=0x7fffc70e6e10) at .moc/debug-shared/moc_testjsondbnotification.cpp:72
  QtQA::App::TestRunner: #18 0x00002b0249e9db66 in TestNamespace::QMetaMethod::invoke (this=0x7fffc70e7110, object=0x7fffc70e7330, connectionType=TestNamespace::Qt::DirectConnection, returnValue=..., val0=..., val1=..., val2=..., val3=..., val4=..., val5=..., val6=..., val7=..., val8=..., val9=...) at kernel/qmetaobject.cpp:1642
  QtQA::App::TestRunner: #19 0x00002b024947853a in TestNamespace::QMetaMethod::invoke (this=0x7fffc70e7110, object=0x7fffc70e7330, connectionType=TestNamespace::Qt::DirectConnection, val0=..., val1=..., val2=..., val3=..., val4=..., val5=..., val6=..., val7=..., val8=..., val9=...) at ../../include/QtCore/../../src/corelib/kernel/qmetaobject.h:119
  QtQA::App::TestRunner: #20 0x00002b02494722f7 in TestNamespace::QTest::invokeMethod (obj=0x7fffc70e7330, methodName=0x2b0249488cec "initTestCase()") at qtestcase.cpp:1022
  QtQA::App::TestRunner: #21 0x00002b02494753dc in TestNamespace::QTest::qInvokeTestMethods (testObject=0x7fffc70e7330) at qtestcase.cpp:1770
  QtQA::App::TestRunner: #22 0x00002b0249475ad5 in TestNamespace::QTest::qExec (testObject=0x7fffc70e7330, argc=5, argv=0x7fffc70e7528) at qtestcase.cpp:2015
  QtQA::App::TestRunner: #23 0x0000000000414905 in main (argc=5, argv=0x7fffc70e7528) at testjsondbnotification.cpp:360
  QtQA::App::TestRunner:
  QtQA::App::TestRunner: ================================================================================

  ********* Start testing of TestJsonDbPartition *********
  Config: Using QTest library 5.0.0, Qt 5.0.0
  QDEBUG : TestJsonDbPartition::initTestCase() Starting process "/build/recipes/167222208/base/qt/qtbase/bin/jsondb" ("dbFile-jsondb-partition") with socket "testjsondb_19388"
  Ready
  "./" "dbFile-jsondb-partition.System" "Ephemeral"
  JsonDbManagedBtree::putOne auto commiting tag 0
  QFATAL : TestJsonDbPartition::initTestCase() Received signal 11
  FAIL!  : TestJsonDbPartition::initTestCase() Received a fatal error.
     Loc: [Unknown file(0)]
  Totals: 0 passed, 1 failed, 0 skipped
  ********* Finished testing of TestJsonDbPartition *********
  QtQA::App::TestRunner: Timed out after 900 seconds
  QtQA::App::TestRunner: Process exited due to signal 6; dumped core
  QtQA::App::TestRunner: ============================== backtrace follows: ==============================
  QtQA::App::TestRunner: gdb commands: thread apply all bt 100
  QtQA::App::TestRunner:
  QtQA::App::TestRunner: warning: core file may not match specified executable file.
  QtQA::App::TestRunner: [New LWP 19388]
  QtQA::App::TestRunner: [New LWP 19389]
  QtQA::App::TestRunner: [New LWP 19391]
  QtQA::App::TestRunner:
  QtQA::App::TestRunner: warning: Can't read pathname for load map: Input/output error.
  QtQA::App::TestRunner: [Thread debugging using libthread_db enabled]
  QtQA::App::TestRunner: Core was generated by `./tst_jsondbpartition -o /build/recipes/167222208/base/_artifacts/test-logs/tst'.
  QtQA::App::TestRunner: Program terminated with signal 6, Aborted.
  QtQA::App::TestRunner: #0  0x00002b6e4f1313a5 in __GI_raise (sig=6) at ../nptl/sysdeps/unix/sysv/linux/raise.c:64
  QtQA::App::TestRunner: 64	../nptl/sysdeps/unix/sysv/linux/raise.c: No such file or directory.
  QtQA::App::TestRunner: 	in ../nptl/sysdeps/unix/sysv/linux/raise.c
  QtQA::App::TestRunner:
  QtQA::App::TestRunner: Thread 3 (Thread 0x2b6e54ecf700 (LWP 19391)):
  QtQA::App::TestRunner: #0  0x00002b6e4f1d0773 in __GI___poll (fds=<optimized out>, nfds=<optimized out>, timeout=<optimized out>) at ../sysdeps/unix/sysv/linux/poll.c:87
  QtQA::App::TestRunner: #1  0x00002b6e51181f68 in ?? () from /lib/x86_64-linux-gnu/libglib-2.0.so.0
  QtQA::App::TestRunner: #2  0x00002b6e51182429 in g_main_context_iteration () from /lib/x86_64-linux-gnu/libglib-2.0.so.0
  QtQA::App::TestRunner: #3  0x00002b6e4e7508dc in TestNamespace::QEventDispatcherGlib::processEvents (this=0x8b5780, flags=...) at kernel/qeventdispatcher_glib.cpp:424
  QtQA::App::TestRunner: #4  0x00002b6e4e6e62ef in TestNamespace::QEventLoop::processEvents (this=0x2b6e54eced90, flags=...) at kernel/qeventloop.cpp:135
  QtQA::App::TestRunner: #5  0x00002b6e4e6e65cf in TestNamespace::QEventLoop::exec (this=0x2b6e54eced90, flags=...) at kernel/qeventloop.cpp:211
  QtQA::App::TestRunner: #6  0x00002b6e4e57d0e9 in TestNamespace::QThread::exec (this=0x8c6b60) at thread/qthread.cpp:470
  QtQA::App::TestRunner: #7  0x00002b6e4d9120b1 in TestNamespace::QDeclarativeThreadPrivate::run (this=0x8c6b60) at qml/ftw/qdeclarativethread.cpp:148
  QtQA::App::TestRunner: #8  0x00002b6e4e582e36 in TestNamespace::QThreadPrivate::start (arg=0x8c6b60) at thread/qthread_unix.cpp:307
  QtQA::App::TestRunner: #9  0x00002b6e506fcefc in start_thread (arg=0x2b6e54ecf700) at pthread_create.c:304
  QtQA::App::TestRunner: #10 0x00002b6e4f1dc89d in clone () at ../sysdeps/unix/sysv/linux/x86_64/clone.S:112
  QtQA::App::TestRunner: #11 0x0000000000000000 in ?? ()
  QtQA::App::TestRunner:
  QtQA::App::TestRunner: Thread 2 (Thread 0x2b6e54cce700 (LWP 19389)):
  QtQA::App::TestRunner: #0  0x00002b6e4f1d5913 in select () at ../sysdeps/unix/syscall-template.S:82
  QtQA::App::TestRunner: #1  0x00002b6e4e68ac0e in TestNamespace::QProcessManager::run (this=0x2b6e4ebc8660) at io/qprocess_unix.cpp:257
  QtQA::App::TestRunner: #2  0x00002b6e4e582e36 in TestNamespace::QThreadPrivate::start (arg=0x2b6e4ebc8660) at thread/qthread_unix.cpp:307
  QtQA::App::TestRunner: #3  0x00002b6e506fcefc in start_thread (arg=0x2b6e54cce700) at pthread_create.c:304
  QtQA::App::TestRunner: #4  0x00002b6e4f1dc89d in clone () at ../sysdeps/unix/sysv/linux/x86_64/clone.S:112
  QtQA::App::TestRunner: #5  0x0000000000000000 in ?? ()
  QtQA::App::TestRunner:
  QtQA::App::TestRunner: Thread 1 (Thread 0x2b6e530a7600 (LWP 19388)):
  QtQA::App::TestRunner: #0  0x00002b6e4f1313a5 in __GI_raise (sig=6) at ../nptl/sysdeps/unix/sysv/linux/raise.c:64
  QtQA::App::TestRunner: #1  0x00002b6e4f134b0b in __GI_abort () at abort.c:92
  QtQA::App::TestRunner: #2  0x00002b6e4e5789b3 in TestNamespace::qt_message_output (msgType=TestNamespace::QtFatalMsg, context=..., buf=0x8c9a48 "Received signal 11") at global/qlogging.cpp:734
  QtQA::App::TestRunner: #3  0x00002b6e4e576ae0 in TestNamespace::qt_message(TestNamespace::QtMsgType, const TestNamespace::QMessageLogContext &, const char *, typedef __va_list_tag __va_list_tag *) (msgType=TestNamespace::QtFatalMsg, context=..., msg=0x2b6e4dce0000 "Received signal %d", ap=0x7fff3395b268) at global/qlogging.cpp:131
  QtQA::App::TestRunner: #4  0x00002b6e4e576f74 in TestNamespace::QMessageLogger::fatal (this=0x7fff3395b350, msg=0x2b6e4dce0000 "Received signal %d") at global/qlogging.cpp:334
  QtQA::App::TestRunner: #5  0x00002b6e4dccb6e1 in TestNamespace::QTest::FatalSignalHandler::signal (signum=11) at qtestcase.cpp:1831
  QtQA::App::TestRunner: #6  <signal handler called>
  QtQA::App::TestRunner: #7  0x00002b6e4fe3db62 in TestNamespace::initFontUnlocked () at kernel/qguiapplication.cpp:174
  QtQA::App::TestRunner: #8  0x00002b6e4fe439c1 in TestNamespace::QGuiApplication::font () at kernel/qguiapplication.cpp:1648
  QtQA::App::TestRunner: #9  0x00002b6e4fecb969 in TestNamespace::QFont::QFont (this=0x8c9420) at text/qfont.cpp:685
  QtQA::App::TestRunner: #10 0x00002b6e4d8ad87c in TestNamespace::QDeclarativeFontValueType::QDeclarativeFontValueType (this=0x8c9410, parent=0x0) at qml/qdeclarativevaluetype.cpp:221
  QtQA::App::TestRunner: #11 0x00002b6e4d8abde0 in TestNamespace::QDeclarativeValueTypeFactory::valueType (t=64) at qml/qdeclarativevaluetype.cpp:159
  QtQA::App::TestRunner: #12 0x00002b6e4d8ababf in TestNamespace::QDeclarativeValueTypeFactory::QDeclarativeValueTypeFactory (this=0x8c7700) at qml/qdeclarativevaluetype.cpp:84
  QtQA::App::TestRunner: #13 0x00002b6e4d811987 in TestNamespace::QDeclarativeEnginePrivate::QDeclarativeEnginePrivate (this=0x8c7530, e=0x8b8660) at qml/qdeclarativeengine.cpp:352
  QtQA::App::TestRunner: #14 0x00002b6e4d8128b3 in TestNamespace::QDeclarativeEngine::QDeclarativeEngine (this=0x8b8660, parent=0x0) at qml/qdeclarativeengine.cpp:510
  QtQA::App::TestRunner: #15 0x0000000000418d74 in findQMLPluginPath (pluginName=...) at ../../shared/qmltestutil.h:169
  QtQA::App::TestRunner: #16 0x000000000040f626 in TestJsonDbPartition::initTestCase (this=0x7fff3395c480) at testjsondbpartition.cpp:120
  QtQA::App::TestRunner: #17 0x000000000041d4e6 in TestJsonDbPartition::qt_static_metacall (_o=0x7fff3395c480, _c=TestNamespace::QMetaObject::InvokeMetaMethod, _id=0, _a=0x7fff3395bf60) at .moc/debug-shared/moc_testjsondbpartition.cpp:60
  QtQA::App::TestRunner: #18 0x00002b6e4e6f3b66 in TestNamespace::QMetaMethod::invoke (this=0x7fff3395c260, object=0x7fff3395c480, connectionType=TestNamespace::Qt::DirectConnection, returnValue=..., val0=..., val1=..., val2=..., val3=..., val4=..., val5=..., val6=..., val7=..., val8=..., val9=...) at kernel/qmetaobject.cpp:1642
  QtQA::App::TestRunner: #19 0x00002b6e4dcce53a in TestNamespace::QMetaMethod::invoke (this=0x7fff3395c260, object=0x7fff3395c480, connectionType=TestNamespace::Qt::DirectConnection, val0=..., val1=..., val2=..., val3=..., val4=..., val5=..., val6=..., val7=..., val8=..., val9=...) at ../../include/QtCore/../../src/corelib/kernel/qmetaobject.h:119
  QtQA::App::TestRunner: #20 0x00002b6e4dcc82f7 in TestNamespace::QTest::invokeMethod (obj=0x7fff3395c480, methodName=0x2b6e4dcdecec "initTestCase()") at qtestcase.cpp:1022
  QtQA::App::TestRunner: #21 0x00002b6e4dccb3dc in TestNamespace::QTest::qInvokeTestMethods (testObject=0x7fff3395c480) at qtestcase.cpp:1770
  QtQA::App::TestRunner: #22 0x00002b6e4dccbad5 in TestNamespace::QTest::qExec (testObject=0x7fff3395c480, argc=5, argv=0x7fff3395c678) at qtestcase.cpp:2015
  QtQA::App::TestRunner: #23 0x0000000000416f4f in main (argc=5, argv=0x7fff3395c678) at testjsondbpartition.cpp:398
  QtQA::App::TestRunner:
  QtQA::App::TestRunner: ================================================================================

  ********* Start testing of TestJsonDbSortingListModel *********
  Config: Using QTest library 5.0.0, Qt 5.0.0
  QDEBUG : TestJsonDbSortingListModel::initTestCase() Starting process "/build/recipes/167222208/base/qt/qtbase/bin/jsondb" ("dbFile-jsondb-listmodel") with socket "testjsondb_16800"
  Ready
  "./" "dbFile-jsondb-listmodel.System" "Ephemeral"
  JsonDbManagedBtree::putOne auto commiting tag 0
  QFATAL : TestJsonDbSortingListModel::initTestCase() Received signal 11
  FAIL!  : TestJsonDbSortingListModel::initTestCase() Received a fatal error.
     Loc: [Unknown file(0)]
  Totals: 0 passed, 1 failed, 0 skipped
  ********* Finished testing of TestJsonDbSortingListModel *********
  QtQA::App::TestRunner: Timed out after 900 seconds
  QtQA::App::TestRunner: Process exited due to signal 6; dumped core
  QtQA::App::TestRunner: ============================== backtrace follows: ==============================
  QtQA::App::TestRunner: gdb commands: thread apply all bt 100
  QtQA::App::TestRunner:
  QtQA::App::TestRunner: warning: core file may not match specified executable file.
  QtQA::App::TestRunner: [New LWP 16800]
  QtQA::App::TestRunner: [New LWP 16801]
  QtQA::App::TestRunner: [New LWP 16803]
  QtQA::App::TestRunner:
  QtQA::App::TestRunner: warning: Can't read pathname for load map: Input/output error.
  QtQA::App::TestRunner: [Thread debugging using libthread_db enabled]
  QtQA::App::TestRunner: Core was generated by `./tst_jsondbsortinglistmodel -o /build/recipes/167222208/base/_artifacts/test-l'.
  QtQA::App::TestRunner: Program terminated with signal 6, Aborted.
  QtQA::App::TestRunner: #0  0x00002affc941c3a5 in __GI_raise (sig=6) at ../nptl/sysdeps/unix/sysv/linux/raise.c:64
  QtQA::App::TestRunner: 64	../nptl/sysdeps/unix/sysv/linux/raise.c: No such file or directory.
  QtQA::App::TestRunner: 	in ../nptl/sysdeps/unix/sysv/linux/raise.c
  QtQA::App::TestRunner:
  QtQA::App::TestRunner: Thread 3 (Thread 0x2affcf1ba700 (LWP 16803)):
  QtQA::App::TestRunner: #0  0x00002affc94bb773 in __GI___poll (fds=<optimized out>, nfds=<optimized out>, timeout=<optimized out>) at ../sysdeps/unix/sysv/linux/poll.c:87
  QtQA::App::TestRunner: #1  0x00002affcb46cf68 in ?? () from /lib/x86_64-linux-gnu/libglib-2.0.so.0
  QtQA::App::TestRunner: #2  0x00002affcb46d429 in g_main_context_iteration () from /lib/x86_64-linux-gnu/libglib-2.0.so.0
  QtQA::App::TestRunner: #3  0x00002affc8a3b8dc in TestNamespace::QEventDispatcherGlib::processEvents (this=0x1226a10, flags=...) at kernel/qeventdispatcher_glib.cpp:424
  QtQA::App::TestRunner: #4  0x00002affc89d12ef in TestNamespace::QEventLoop::processEvents (this=0x2affcf1b9d90, flags=...) at kernel/qeventloop.cpp:135
  QtQA::App::TestRunner: #5  0x00002affc89d15cf in TestNamespace::QEventLoop::exec (this=0x2affcf1b9d90, flags=...) at kernel/qeventloop.cpp:211
  QtQA::App::TestRunner: #6  0x00002affc88680e9 in TestNamespace::QThread::exec (this=0x12349a0) at thread/qthread.cpp:470
  QtQA::App::TestRunner: #7  0x00002affc7bfd0b1 in TestNamespace::QDeclarativeThreadPrivate::run (this=0x12349a0) at qml/ftw/qdeclarativethread.cpp:148
  QtQA::App::TestRunner: #8  0x00002affc886de36 in TestNamespace::QThreadPrivate::start (arg=0x12349a0) at thread/qthread_unix.cpp:307
  QtQA::App::TestRunner: #9  0x00002affca9e7efc in start_thread (arg=0x2affcf1ba700) at pthread_create.c:304
  QtQA::App::TestRunner: #10 0x00002affc94c789d in clone () at ../sysdeps/unix/sysv/linux/x86_64/clone.S:112
  QtQA::App::TestRunner: #11 0x0000000000000000 in ?? ()
  QtQA::App::TestRunner:
  QtQA::App::TestRunner: Thread 2 (Thread 0x2affcefb9700 (LWP 16801)):
  QtQA::App::TestRunner: #0  0x00002affc94c0913 in select () at ../sysdeps/unix/syscall-template.S:82
  QtQA::App::TestRunner: #1  0x00002affc8975c0e in TestNamespace::QProcessManager::run (this=0x2affc8eb3660) at io/qprocess_unix.cpp:257
  QtQA::App::TestRunner: #2  0x00002affc886de36 in TestNamespace::QThreadPrivate::start (arg=0x2affc8eb3660) at thread/qthread_unix.cpp:307
  QtQA::App::TestRunner: #3  0x00002affca9e7efc in start_thread (arg=0x2affcefb9700) at pthread_create.c:304
  QtQA::App::TestRunner: #4  0x00002affc94c789d in clone () at ../sysdeps/unix/sysv/linux/x86_64/clone.S:112
  QtQA::App::TestRunner: #5  0x0000000000000000 in ?? ()
  QtQA::App::TestRunner:
  QtQA::App::TestRunner: Thread 1 (Thread 0x2affcd392600 (LWP 16800)):
  QtQA::App::TestRunner: #0  0x00002affc941c3a5 in __GI_raise (sig=6) at ../nptl/sysdeps/unix/sysv/linux/raise.c:64
  QtQA::App::TestRunner: #1  0x00002affc941fb0b in __GI_abort () at abort.c:92
  QtQA::App::TestRunner: #2  0x00002affc88639b3 in TestNamespace::qt_message_output (msgType=TestNamespace::QtFatalMsg, context=..., buf=0x1237a18 "Received signal 11") at global/qlogging.cpp:734
  QtQA::App::TestRunner: #3  0x00002affc8861ae0 in TestNamespace::qt_message(TestNamespace::QtMsgType, const TestNamespace::QMessageLogContext &, const char *, typedef __va_list_tag __va_list_tag *) (msgType=TestNamespace::QtFatalMsg, context=..., msg=0x2affc7fcb000 "Received signal %d", ap=0x7fff7f318928) at global/qlogging.cpp:131
  QtQA::App::TestRunner: #4  0x00002affc8861f74 in TestNamespace::QMessageLogger::fatal (this=0x7fff7f318a10, msg=0x2affc7fcb000 "Received signal %d") at global/qlogging.cpp:334
  QtQA::App::TestRunner: #5  0x00002affc7fb66e1 in TestNamespace::QTest::FatalSignalHandler::signal (signum=11) at qtestcase.cpp:1831
  QtQA::App::TestRunner: #6  <signal handler called>
  QtQA::App::TestRunner: #7  0x00002affca128b62 in TestNamespace::initFontUnlocked () at kernel/qguiapplication.cpp:174
  QtQA::App::TestRunner: #8  0x00002affca12e9c1 in TestNamespace::QGuiApplication::font () at kernel/qguiapplication.cpp:1648
  QtQA::App::TestRunner: #9  0x00002affca1b6969 in TestNamespace::QFont::QFont (this=0x12378c0) at text/qfont.cpp:685
  QtQA::App::TestRunner: #10 0x00002affc7b9887c in TestNamespace::QDeclarativeFontValueType::QDeclarativeFontValueType (this=0x12378b0, parent=0x0) at qml/qdeclarativevaluetype.cpp:221
  QtQA::App::TestRunner: #11 0x00002affc7b96de0 in TestNamespace::QDeclarativeValueTypeFactory::valueType (t=64) at qml/qdeclarativevaluetype.cpp:159
  QtQA::App::TestRunner: #12 0x00002affc7b96abf in TestNamespace::QDeclarativeValueTypeFactory::QDeclarativeValueTypeFactory (this=0x12354a0) at qml/qdeclarativevaluetype.cpp:84
  QtQA::App::TestRunner: #13 0x00002affc7afc987 in TestNamespace::QDeclarativeEnginePrivate::QDeclarativeEnginePrivate (this=0x12352d0, e=0x1228560) at qml/qdeclarativeengine.cpp:352
  QtQA::App::TestRunner: #14 0x00002affc7afd8b3 in TestNamespace::QDeclarativeEngine::QDeclarativeEngine (this=0x1228560, parent=0x0) at qml/qdeclarativeengine.cpp:510
  QtQA::App::TestRunner: #15 0x0000000000433643 in findQMLPluginPath (pluginName=...) at ../../shared/qmltestutil.h:169
  QtQA::App::TestRunner: #16 0x0000000000410f7a in TestJsonDbSortingListModel::initTestCase (this=0x7fff7f319dc0) at testjsondbsortinglistmodel.cpp:169
  QtQA::App::TestRunner: #17 0x00000000004389aa in TestJsonDbSortingListModel::qt_static_metacall (_o=0x7fff7f319dc0, _c=TestNamespace::QMetaObject::InvokeMetaMethod, _id=7, _a=0x7fff7f3198a0) at .moc/debug-shared/moc_testjsondbsortinglistmodel.cpp:94
  QtQA::App::TestRunner: #18 0x00002affc89deb66 in TestNamespace::QMetaMethod::invoke (this=0x7fff7f319ba0, object=0x7fff7f319dc0, connectionType=TestNamespace::Qt::DirectConnection, returnValue=..., val0=..., val1=..., val2=..., val3=..., val4=..., val5=..., val6=..., val7=..., val8=..., val9=...) at kernel/qmetaobject.cpp:1642
  QtQA::App::TestRunner: #19 0x00002affc7fb953a in TestNamespace::QMetaMethod::invoke (this=0x7fff7f319ba0, object=0x7fff7f319dc0, connectionType=TestNamespace::Qt::DirectConnection, val0=..., val1=..., val2=..., val3=..., val4=..., val5=..., val6=..., val7=..., val8=..., val9=...) at ../../include/QtCore/../../src/corelib/kernel/qmetaobject.h:119
  QtQA::App::TestRunner: #20 0x00002affc7fb32f7 in TestNamespace::QTest::invokeMethod (obj=0x7fff7f319dc0, methodName=0x2affc7fc9cec "initTestCase()") at qtestcase.cpp:1022
  QtQA::App::TestRunner: #21 0x00002affc7fb63dc in TestNamespace::QTest::qInvokeTestMethods (testObject=0x7fff7f319dc0) at qtestcase.cpp:1770
  QtQA::App::TestRunner: #22 0x00002affc7fb6ad5 in TestNamespace::QTest::qExec (testObject=0x7fff7f319dc0, argc=5, argv=0x7fff7f319fa8) at qtestcase.cpp:2015
  QtQA::App::TestRunner: #23 0x000000000043225a in main (argc=5, argv=0x7fff7f319fa8) at testjsondbsortinglistmodel.cpp:1161
  QtQA::App::TestRunner:
  QtQA::App::TestRunner: ================================================================================

  ********* Start testing of TestJsonDbListModel *********
  Config: Using QTest library 5.0.0, Qt 5.0.0
  QDEBUG : TestJsonDbListModel::initTestCase() Starting process "/build/recipes/167222208/base/qt/qtbase/bin/jsondb" ("dbFile-jsondb-listmodel") with socket "testjsondb_14565"
  Ready
  "./" "dbFile-jsondb-listmodel.System" "Ephemeral"
  JsonDbManagedBtree::putOne auto commiting tag 0
  QFATAL : TestJsonDbListModel::initTestCase() Received signal 11
  FAIL!  : TestJsonDbListModel::initTestCase() Received a fatal error.
     Loc: [Unknown file(0)]
  Totals: 0 passed, 1 failed, 0 skipped
  ********* Finished testing of TestJsonDbListModel *********
  QtQA::App::TestRunner: Timed out after 900 seconds
  QtQA::App::TestRunner: Process exited due to signal 6; dumped core
  QtQA::App::TestRunner: ============================== backtrace follows: ==============================
  QtQA::App::TestRunner: gdb commands: thread apply all bt 100
  QtQA::App::TestRunner:
  QtQA::App::TestRunner: warning: core file may not match specified executable file.
  QtQA::App::TestRunner: [New LWP 14565]
  QtQA::App::TestRunner: [New LWP 14566]
  QtQA::App::TestRunner: [New LWP 14568]
  QtQA::App::TestRunner:
  QtQA::App::TestRunner: warning: Can't read pathname for load map: Input/output error.
  QtQA::App::TestRunner: [Thread debugging using libthread_db enabled]
  QtQA::App::TestRunner: Core was generated by `./tst_jsondblistmodel -o /build/recipes/167222208/base/_artifacts/test-logs/tst'.
  QtQA::App::TestRunner: Program terminated with signal 6, Aborted.
  QtQA::App::TestRunner: #0  0x00002ad57c4963a5 in __GI_raise (sig=6) at ../nptl/sysdeps/unix/sysv/linux/raise.c:64
  QtQA::App::TestRunner: 64	../nptl/sysdeps/unix/sysv/linux/raise.c: No such file or directory.
  QtQA::App::TestRunner: 	in ../nptl/sysdeps/unix/sysv/linux/raise.c
  QtQA::App::TestRunner:
  QtQA::App::TestRunner: Thread 3 (Thread 0x2ad582234700 (LWP 14568)):
  QtQA::App::TestRunner: #0  0x00002ad57c535773 in __GI___poll (fds=<optimized out>, nfds=<optimized out>, timeout=<optimized out>) at ../sysdeps/unix/sysv/linux/poll.c:87
  QtQA::App::TestRunner: #1  0x00002ad57e4e6f68 in ?? () from /lib/x86_64-linux-gnu/libglib-2.0.so.0
  QtQA::App::TestRunner: #2  0x00002ad57e4e7429 in g_main_context_iteration () from /lib/x86_64-linux-gnu/libglib-2.0.so.0
  QtQA::App::TestRunner: #3  0x00002ad57bab58dc in TestNamespace::QEventDispatcherGlib::processEvents (this=0xb2a920, flags=...) at kernel/qeventdispatcher_glib.cpp:424
  QtQA::App::TestRunner: #4  0x00002ad57ba4b2ef in TestNamespace::QEventLoop::processEvents (this=0x2ad582233d90, flags=...) at kernel/qeventloop.cpp:135
  QtQA::App::TestRunner: #5  0x00002ad57ba4b5cf in TestNamespace::QEventLoop::exec (this=0x2ad582233d90, flags=...) at kernel/qeventloop.cpp:211
  QtQA::App::TestRunner: #6  0x00002ad57b8e20e9 in TestNamespace::QThread::exec (this=0xb32740) at thread/qthread.cpp:470
  QtQA::App::TestRunner: #7  0x00002ad57ac770b1 in TestNamespace::QDeclarativeThreadPrivate::run (this=0xb32740) at qml/ftw/qdeclarativethread.cpp:148
  QtQA::App::TestRunner: #8  0x00002ad57b8e7e36 in TestNamespace::QThreadPrivate::start (arg=0xb32740) at thread/qthread_unix.cpp:307
  QtQA::App::TestRunner: #9  0x00002ad57da61efc in start_thread (arg=0x2ad582234700) at pthread_create.c:304
  QtQA::App::TestRunner: #10 0x00002ad57c54189d in clone () at ../sysdeps/unix/sysv/linux/x86_64/clone.S:112
  QtQA::App::TestRunner: #11 0x0000000000000000 in ?? ()
  QtQA::App::TestRunner:
  QtQA::App::TestRunner: Thread 2 (Thread 0x2ad582033700 (LWP 14566)):
  QtQA::App::TestRunner: #0  0x00002ad57c53a913 in select () at ../sysdeps/unix/syscall-template.S:82
  QtQA::App::TestRunner: #1  0x00002ad57b9efc0e in TestNamespace::QProcessManager::run (this=0x2ad57bf2d660) at io/qprocess_unix.cpp:257
  QtQA::App::TestRunner: #2  0x00002ad57b8e7e36 in TestNamespace::QThreadPrivate::start (arg=0x2ad57bf2d660) at thread/qthread_unix.cpp:307
  QtQA::App::TestRunner: #3  0x00002ad57da61efc in start_thread (arg=0x2ad582033700) at pthread_create.c:304
  QtQA::App::TestRunner: #4  0x00002ad57c54189d in clone () at ../sysdeps/unix/sysv/linux/x86_64/clone.S:112
  QtQA::App::TestRunner: #5  0x0000000000000000 in ?? ()
  QtQA::App::TestRunner:
  QtQA::App::TestRunner: Thread 1 (Thread 0x2ad58040c600 (LWP 14565)):
  QtQA::App::TestRunner: #0  0x00002ad57c4963a5 in __GI_raise (sig=6) at ../nptl/sysdeps/unix/sysv/linux/raise.c:64
  QtQA::App::TestRunner: #1  0x00002ad57c499b0b in __GI_abort () at abort.c:92
  QtQA::App::TestRunner: #2  0x00002ad57b8dd9b3 in TestNamespace::qt_message_output (msgType=TestNamespace::QtFatalMsg, context=..., buf=0xb38a18 "Received signal 11") at global/qlogging.cpp:734
  QtQA::App::TestRunner: #3  0x00002ad57b8dbae0 in TestNamespace::qt_message(TestNamespace::QtMsgType, const TestNamespace::QMessageLogContext &, const char *, typedef __va_list_tag __va_list_tag *) (msgType=TestNamespace::QtFatalMsg, context=..., msg=0x2ad57b045000 "Received signal %d", ap=0x7fffb6b3b1e8) at global/qlogging.cpp:131
  QtQA::App::TestRunner: #4  0x00002ad57b8dbf74 in TestNamespace::QMessageLogger::fatal (this=0x7fffb6b3b2d0, msg=0x2ad57b045000 "Received signal %d") at global/qlogging.cpp:334
  QtQA::App::TestRunner: #5  0x00002ad57b0306e1 in TestNamespace::QTest::FatalSignalHandler::signal (signum=11) at qtestcase.cpp:1831
  QtQA::App::TestRunner: #6  <signal handler called>
  QtQA::App::TestRunner: #7  0x00002ad57d1a2b62 in TestNamespace::initFontUnlocked () at kernel/qguiapplication.cpp:174
  QtQA::App::TestRunner: #8  0x00002ad57d1a89c1 in TestNamespace::QGuiApplication::font () at kernel/qguiapplication.cpp:1648
  QtQA::App::TestRunner: #9  0x00002ad57d230969 in TestNamespace::QFont::QFont (this=0xb382e0) at text/qfont.cpp:685
  QtQA::App::TestRunner: #10 0x00002ad57ac1287c in TestNamespace::QDeclarativeFontValueType::QDeclarativeFontValueType (this=0xb382d0, parent=0x0) at qml/qdeclarativevaluetype.cpp:221
  QtQA::App::TestRunner: #11 0x00002ad57ac10de0 in TestNamespace::QDeclarativeValueTypeFactory::valueType (t=64) at qml/qdeclarativevaluetype.cpp:159
  QtQA::App::TestRunner: #12 0x00002ad57ac10abf in TestNamespace::QDeclarativeValueTypeFactory::QDeclarativeValueTypeFactory (this=0xb36480) at qml/qdeclarativevaluetype.cpp:84
  QtQA::App::TestRunner: #13 0x00002ad57ab76987 in TestNamespace::QDeclarativeEnginePrivate::QDeclarativeEnginePrivate (this=0xb362b0, e=0xb283c0) at qml/qdeclarativeengine.cpp:352
  QtQA::App::TestRunner: #14 0x00002ad57ab778b3 in TestNamespace::QDeclarativeEngine::QDeclarativeEngine (this=0xb283c0, parent=0x0) at qml/qdeclarativeengine.cpp:510
  QtQA::App::TestRunner: #15 0x000000000042cfe3 in findQMLPluginPath (pluginName=...) at ../../shared/qmltestutil.h:169
  QtQA::App::TestRunner: #16 0x000000000041084c in TestJsonDbListModel::initTestCase (this=0x7fffb6b3c410) at testjsondblistmodel.cpp:151
  QtQA::App::TestRunner: #17 0x00000000004319a5 in TestJsonDbListModel::qt_static_metacall (_o=0x7fffb6b3c410, _c=TestNamespace::QMetaObject::InvokeMetaMethod, _id=5, _a=0x7fffb6b3bef0) at .moc/debug-shared/moc_testjsondblistmodel.cpp:82
  QtQA::App::TestRunner: #18 0x00002ad57ba58b66 in TestNamespace::QMetaMethod::invoke (this=0x7fffb6b3c1f0, object=0x7fffb6b3c410, connectionType=TestNamespace::Qt::DirectConnection, returnValue=..., val0=..., val1=..., val2=..., val3=..., val4=..., val5=..., val6=..., val7=..., val8=..., val9=...) at kernel/qmetaobject.cpp:1642
  QtQA::App::TestRunner: #19 0x00002ad57b03353a in TestNamespace::QMetaMethod::invoke (this=0x7fffb6b3c1f0, object=0x7fffb6b3c410, connectionType=TestNamespace::Qt::DirectConnection, val0=..., val1=..., val2=..., val3=..., val4=..., val5=..., val6=..., val7=..., val8=..., val9=...) at ../../include/QtCore/../../src/corelib/kernel/qmetaobject.h:119
  QtQA::App::TestRunner: #20 0x00002ad57b02d2f7 in TestNamespace::QTest::invokeMethod (obj=0x7fffb6b3c410, methodName=0x2ad57b043cec "initTestCase()") at qtestcase.cpp:1022
  QtQA::App::TestRunner: #21 0x00002ad57b0303dc in TestNamespace::QTest::qInvokeTestMethods (testObject=0x7fffb6b3c410) at qtestcase.cpp:1770
  QtQA::App::TestRunner: #22 0x00002ad57b030ad5 in TestNamespace::QTest::qExec (testObject=0x7fffb6b3c410, argc=5, argv=0x7fffb6b3c5e8) at qtestcase.cpp:2015
  QtQA::App::TestRunner: #23 0x000000000042bcb4 in main (argc=5, argv=0x7fffb6b3c5e8) at testjsondblistmodel.cpp:782
  QtQA::App::TestRunner:
  QtQA::App::TestRunner: ================================================================================

  ********* Start testing of TestJsonDbListModel *********
  Config: Using QTest library 5.0.0, Qt 5.0.0
  QDEBUG : TestJsonDbListModel::initTestCase() Starting process "/build/recipes/167222208/base/qt/qtbase/bin/jsondb" ("dbFile-jsondb-listmodel") with socket "testjsondb_12597"
  Ready
  "./" "dbFile-jsondb-listmodel.System" "Ephemeral"
  JsonDbManagedBtree::putOne auto commiting tag 0
  QFATAL : TestJsonDbListModel::initTestCase() Received signal 11
  FAIL!  : TestJsonDbListModel::initTestCase() Received a fatal error.
     Loc: [Unknown file(0)]
  Totals: 0 passed, 1 failed, 0 skipped
  ********* Finished testing of TestJsonDbListModel *********
  QtQA::App::TestRunner: Timed out after 900 seconds
  QtQA::App::TestRunner: Process exited due to signal 6; dumped core
  QtQA::App::TestRunner: ============================== backtrace follows: ==============================
  QtQA::App::TestRunner: gdb commands: thread apply all bt 100
  QtQA::App::TestRunner:
  QtQA::App::TestRunner: warning: core file may not match specified executable file.
  QtQA::App::TestRunner: [New LWP 12597]
  QtQA::App::TestRunner: [New LWP 12598]
  QtQA::App::TestRunner: [New LWP 12600]
  QtQA::App::TestRunner:
  QtQA::App::TestRunner: warning: Can't read pathname for load map: Input/output error.
  QtQA::App::TestRunner: [Thread debugging using libthread_db enabled]
  QtQA::App::TestRunner: Core was generated by `./tst_jsondb-listmodel -o /build/recipes/167222208/base/_artifacts/test-logs/ts'.
  QtQA::App::TestRunner: Program terminated with signal 6, Aborted.
  QtQA::App::TestRunner: #0  0x00002b59baa6a3a5 in __GI_raise (sig=6) at ../nptl/sysdeps/unix/sysv/linux/raise.c:64
  QtQA::App::TestRunner: 64	../nptl/sysdeps/unix/sysv/linux/raise.c: No such file or directory.
  QtQA::App::TestRunner: 	in ../nptl/sysdeps/unix/sysv/linux/raise.c
  QtQA::App::TestRunner:
  QtQA::App::TestRunner: Thread 3 (Thread 0x2b59c0808700 (LWP 12600)):
  QtQA::App::TestRunner: #0  0x00002b59bab09773 in __GI___poll (fds=<optimized out>, nfds=<optimized out>, timeout=<optimized out>) at ../sysdeps/unix/sysv/linux/poll.c:87
  QtQA::App::TestRunner: #1  0x00002b59bcabaf68 in ?? () from /lib/x86_64-linux-gnu/libglib-2.0.so.0
  QtQA::App::TestRunner: #2  0x00002b59bcabb429 in g_main_context_iteration () from /lib/x86_64-linux-gnu/libglib-2.0.so.0
  QtQA::App::TestRunner: #3  0x00002b59ba0898dc in TestNamespace::QEventDispatcherGlib::processEvents (this=0x1dadf90, flags=...) at kernel/qeventdispatcher_glib.cpp:424
  QtQA::App::TestRunner: #4  0x00002b59ba01f2ef in TestNamespace::QEventLoop::processEvents (this=0x2b59c0807d90, flags=...) at kernel/qeventloop.cpp:135
  QtQA::App::TestRunner: #5  0x00002b59ba01f5cf in TestNamespace::QEventLoop::exec (this=0x2b59c0807d90, flags=...) at kernel/qeventloop.cpp:211
  QtQA::App::TestRunner: #6  0x00002b59b9eb60e9 in TestNamespace::QThread::exec (this=0x1dbe7c0) at thread/qthread.cpp:470
  QtQA::App::TestRunner: #7  0x00002b59b924b0b1 in TestNamespace::QDeclarativeThreadPrivate::run (this=0x1dbe7c0) at qml/ftw/qdeclarativethread.cpp:148
  QtQA::App::TestRunner: #8  0x00002b59b9ebbe36 in TestNamespace::QThreadPrivate::start (arg=0x1dbe7c0) at thread/qthread_unix.cpp:307
  QtQA::App::TestRunner: #9  0x00002b59bc035efc in start_thread (arg=0x2b59c0808700) at pthread_create.c:304
  QtQA::App::TestRunner: #10 0x00002b59bab1589d in clone () at ../sysdeps/unix/sysv/linux/x86_64/clone.S:112
  QtQA::App::TestRunner: #11 0x0000000000000000 in ?? ()
  QtQA::App::TestRunner:
  QtQA::App::TestRunner: Thread 2 (Thread 0x2b59c0607700 (LWP 12598)):
  QtQA::App::TestRunner: #0  0x00002b59bab0e913 in select () at ../sysdeps/unix/syscall-template.S:82
  QtQA::App::TestRunner: #1  0x00002b59b9fc3c0e in TestNamespace::QProcessManager::run (this=0x2b59ba501660) at io/qprocess_unix.cpp:257
  QtQA::App::TestRunner: #2  0x00002b59b9ebbe36 in TestNamespace::QThreadPrivate::start (arg=0x2b59ba501660) at thread/qthread_unix.cpp:307
  QtQA::App::TestRunner: #3  0x00002b59bc035efc in start_thread (arg=0x2b59c0607700) at pthread_create.c:304
  QtQA::App::TestRunner: #4  0x00002b59bab1589d in clone () at ../sysdeps/unix/sysv/linux/x86_64/clone.S:112
  QtQA::App::TestRunner: #5  0x0000000000000000 in ?? ()
  QtQA::App::TestRunner:
  QtQA::App::TestRunner: Thread 1 (Thread 0x2b59be9e0600 (LWP 12597)):
  QtQA::App::TestRunner: #0  0x00002b59baa6a3a5 in __GI_raise (sig=6) at ../nptl/sysdeps/unix/sysv/linux/raise.c:64
  QtQA::App::TestRunner: #1  0x00002b59baa6db0b in __GI_abort () at abort.c:92
  QtQA::App::TestRunner: #2  0x00002b59b9eb19b3 in TestNamespace::qt_message_output (msgType=TestNamespace::QtFatalMsg, context=..., buf=0x1dc25e8 "Received signal 11") at global/qlogging.cpp:734
  QtQA::App::TestRunner: #3  0x00002b59b9eafae0 in TestNamespace::qt_message(TestNamespace::QtMsgType, const TestNamespace::QMessageLogContext &, const char *, typedef __va_list_tag __va_list_tag *) (msgType=TestNamespace::QtFatalMsg, context=..., msg=0x2b59b9619000 "Received signal %d", ap=0x7fffed081828) at global/qlogging.cpp:131
  QtQA::App::TestRunner: #4  0x00002b59b9eaff74 in TestNamespace::QMessageLogger::fatal (this=0x7fffed081910, msg=0x2b59b9619000 "Received signal %d") at global/qlogging.cpp:334
  QtQA::App::TestRunner: #5  0x00002b59b96046e1 in TestNamespace::QTest::FatalSignalHandler::signal (signum=11) at qtestcase.cpp:1831
  QtQA::App::TestRunner: #6  <signal handler called>
  QtQA::App::TestRunner: #7  0x00002b59bb776b62 in TestNamespace::initFontUnlocked () at kernel/qguiapplication.cpp:174
  QtQA::App::TestRunner: #8  0x00002b59bb77c9c1 in TestNamespace::QGuiApplication::font () at kernel/qguiapplication.cpp:1648
  QtQA::App::TestRunner: #9  0x00002b59bb804969 in TestNamespace::QFont::QFont (this=0x1dc1f40) at text/qfont.cpp:685
  QtQA::App::TestRunner: #10 0x00002b59b91e687c in TestNamespace::QDeclarativeFontValueType::QDeclarativeFontValueType (this=0x1dc1f30, parent=0x0) at qml/qdeclarativevaluetype.cpp:221
  QtQA::App::TestRunner: #11 0x00002b59b91e4de0 in TestNamespace::QDeclarativeValueTypeFactory::valueType (t=64) at qml/qdeclarativevaluetype.cpp:159
  QtQA::App::TestRunner: #12 0x00002b59b91e4abf in TestNamespace::QDeclarativeValueTypeFactory::QDeclarativeValueTypeFactory (this=0x1dc02a0) at qml/qdeclarativevaluetype.cpp:84
  QtQA::App::TestRunner: #13 0x00002b59b914a987 in TestNamespace::QDeclarativeEnginePrivate::QDeclarativeEnginePrivate (this=0x1dc00d0, e=0x1dadba0) at qml/qdeclarativeengine.cpp:352
  QtQA::App::TestRunner: #14 0x00002b59b914b8b3 in TestNamespace::QDeclarativeEngine::QDeclarativeEngine (this=0x1dadba0, parent=0x0) at qml/qdeclarativeengine.cpp:510
  QtQA::App::TestRunner: #15 0x0000000000424679 in TestJsonDbListModel::initTestCase (this=0x7fffed0826b0) at test-jsondb-listmodel.cpp:132
  QtQA::App::TestRunner: #16 0x00000000004432e5 in TestJsonDbListModel::qt_static_metacall (_o=0x7fffed0826b0, _c=TestNamespace::QMetaObject::InvokeMetaMethod, _id=5, _a=0x7fffed082190) at .moc/debug-shared/moc_test-jsondb-listmodel.cpp:82
  QtQA::App::TestRunner: #17 0x00002b59ba02cb66 in TestNamespace::QMetaMethod::invoke (this=0x7fffed082490, object=0x7fffed0826b0, connectionType=TestNamespace::Qt::DirectConnection, returnValue=..., val0=..., val1=..., val2=..., val3=..., val4=..., val5=..., val6=..., val7=..., val8=..., val9=...) at kernel/qmetaobject.cpp:1642
  QtQA::App::TestRunner: #18 0x00002b59b960753a in TestNamespace::QMetaMethod::invoke (this=0x7fffed082490, object=0x7fffed0826b0, connectionType=TestNamespace::Qt::DirectConnection, val0=..., val1=..., val2=..., val3=..., val4=..., val5=..., val6=..., val7=..., val8=..., val9=...) at ../../include/QtCore/../../src/corelib/kernel/qmetaobject.h:119
  QtQA::App::TestRunner: #19 0x00002b59b96012f7 in TestNamespace::QTest::invokeMethod (obj=0x7fffed0826b0, methodName=0x2b59b9617cec "initTestCase()") at qtestcase.cpp:1022
  QtQA::App::TestRunner: #20 0x00002b59b96043dc in TestNamespace::QTest::qInvokeTestMethods (testObject=0x7fffed0826b0) at qtestcase.cpp:1770
  QtQA::App::TestRunner: #21 0x00002b59b9604ad5 in TestNamespace::QTest::qExec (testObject=0x7fffed0826b0, argc=5, argv=0x7fffed082888) at qtestcase.cpp:2015
  QtQA::App::TestRunner: #22 0x000000000043f002 in main (argc=5, argv=0x7fffed082888) at test-jsondb-listmodel.cpp:784
  QtQA::App::TestRunner:
  QtQA::App::TestRunner: ================================================================================

  make[3]: *** [check] Error 3
  make[2]: *** [sub-jsondb-listmodel-check] Error 2
  make[3]: *** [check] Error 3
  make[2]: *** [sub-jsondblistmodel-check] Error 2
  make[3]: *** [check] Error 3
  make[2]: *** [sub-jsondbsortinglistmodel-check] Error 2
  make[3]: *** [check] Error 3
  make[2]: *** [sub-jsondbpartition-check] Error 2
  make[3]: *** [check] Error 3
  make[2]: *** [sub-jsondbnotification-check] Error 2
  make[3]: *** [check] Error 3
  make[2]: *** [sub-jsondbqueryobject-check] Error 2
  make[3]: *** [check] Error 3
  make[2]: *** [sub-jsondbchangessinceobject-check] Error 2
  make[1]: *** [sub-auto-check] Error 2
  make: *** [module-qtjsondb-tests-check] Error 2
